<?xml version="1.0" encoding="UTF-8"?>
<testng-results ignored="0" total="2" passed="2" failed="0" skipped="0">
  <reporter-output>
  </reporter-output>
  <suite started-at="2023-04-11T09:19:25Z" name="Default suite" finished-at="2023-04-11T09:19:38Z" duration-ms="12906">
    <groups>
    </groups>
    <test started-at="2023-04-11T09:19:25Z" name="Default test" finished-at="2023-04-11T09:19:38Z" duration-ms="12906">
      <class name="com.moneycontrol.homepage.TopGainers">
        <test-method signature="dynamicXpath()[pri:0, instance:com.moneycontrol.homepage.TopGainers@4f6f416f]" started-at="2023-04-11T09:19:25Z" name="dynamicXpath" finished-at="2023-04-11T09:19:31Z" duration-ms="6150" status="PASS">
          <reporter-output>
          </reporter-output>
        </test-method> <!-- dynamicXpath -->
        <test-method signature="maxGain()[pri:0, instance:com.moneycontrol.homepage.TopGainers@4f6f416f]" started-at="2023-04-11T09:19:32Z" name="maxGain" finished-at="2023-04-11T09:19:38Z" duration-ms="6732" status="PASS">
          <reporter-output>
          </reporter-output>
        </test-method> <!-- maxGain -->
      </class> <!-- com.moneycontrol.homepage.TopGainers -->
    </test> <!-- Default test -->
  </suite> <!-- Default suite -->
</testng-results>
